2018-03-21 19:09:52 : sendMail
2018-03-21 19:09:52 : 
2018-03-21 19:09:52 : 
2018-03-21 19:09:52 : fjavi.gonzalez@gmail.com
2018-03-21 19:09:52 : 0681731870
2018-03-21 19:09:52 : 
2018-03-21 19:09:52 : site dev
2018-03-21 19:09:52 : 
2018-03-21 19:09:52 : Message envoyé ! 
2018-03-21 19:09:52 xxxxxxxxxxxxxxxxxxxxxxxxxxxxxxxxxxxxxxxxxxxx  
2018-03-24 09:31:33 : /admin/fileman2/php/upload.php
2018-03-24 09:31:33 : /Applications/XAMPP/xamppfiles/web/elevagelamathumbs/lama_head_lama_2995557_960_720.jpg
2018-03-24 09:45:00 : /admin/fileman2/php/upload.php
2018-03-24 09:45:00 : /Applications/XAMPP/xamppfiles/web/elevagelamathumbs/Screenshot_2018_03_24_10.44.32.png
2018-03-24 09:47:14 : /admin/fileman2/php/upload.php
2018-03-24 09:47:14 : /Applications/XAMPP/xamppfiles/web/elevagelamathumbs/Screenshot_2018_03_24_10.47.00.png
2018-04-16 16:20:56 : /admin/fileman2/php/upload.php
2018-04-16 16:20:56 : /var/www/elevagelama.comthumbs/Mai_2014_021.jpg
2018-04-16 22:09:20 : sendMail
2018-04-16 22:09:20 : Gregorio Gonzalez
2018-04-16 22:09:20 : 
2018-04-16 22:09:20 : fjavi.gonzalez@gmail.com
2018-04-16 22:09:20 : 0556201431
2018-04-16 22:09:20 : 
2018-04-16 22:09:20 : sdfzdfs
2018-04-16 22:09:20 : 
2018-04-16 22:09:20 : Message envoyé ! 
2018-04-16 22:09:20 xxxxxxxxxxxxxxxxxxxxxxxxxxxxxxxxxxxxxxxxxxxx  
2018-04-16 22:11:35 : sendMail
2018-04-16 22:11:35 : 36
2018-04-16 22:11:35 : Gregorio Gonzalez
2018-04-16 22:11:35 : 
2018-04-16 22:11:35 : fjavi.gonzalez@gmail.com
2018-04-16 22:11:35 : 0556201431
2018-04-16 22:11:35 : 
2018-04-16 22:11:35 : dsfsdfsdf
2018-04-16 22:11:35 : 
2018-04-16 22:11:35 : Message envoyé ! 
2018-04-16 22:11:35 xxxxxxxxxxxxxxxxxxxxxxxxxxxxxxxxxxxxxxxxxxxx  
2018-04-16 22:19:44 : sendMail
2018-04-16 22:19:44 : 36
2018-04-16 22:19:44 : Gregorio Gonzalez
2018-04-16 22:19:44 : 
2018-04-16 22:19:44 : fjavi.gonzalez@gmail.com
2018-04-16 22:19:44 : 0556201431
2018-04-16 22:19:44 : 
2018-04-16 22:19:44 : aaaaa
2018-04-16 22:19:44 : 
2018-04-16 22:19:44 : Message envoyé ! 
2018-04-16 22:19:44 xxxxxxxxxxxxxxxxxxxxxxxxxxxxxxxxxxxxxxxxxxxx  
2018-04-16 22:21:30 : sendMail
2018-04-16 22:21:30 : 
2018-04-16 22:21:30 : Gregorio Gonzalez
2018-04-16 22:21:30 : 
2018-04-16 22:21:30 : fjavi.gonzalez@gmail.com
2018-04-16 22:21:30 : 0556201431
2018-04-16 22:21:30 : 
2018-04-16 22:21:30 : azdazazda
2018-04-16 22:21:30 : 
2018-04-16 22:21:31 : Message envoyé ! 
2018-04-16 22:21:31 xxxxxxxxxxxxxxxxxxxxxxxxxxxxxxxxxxxxxxxxxxxx  
2018-04-16 22:22:16 : sendMail
2018-04-16 22:22:16 : 36
2018-04-16 22:22:16 : Gregorio Gonzalez
2018-04-16 22:22:16 : 
2018-04-16 22:22:16 : fjavi.gonzalez@gmail.com
2018-04-16 22:22:16 : 0556201431
2018-04-16 22:22:16 : 
2018-04-16 22:22:16 : dsfsdfsd
2018-04-16 22:22:16 : 
2018-04-16 22:22:16 : Message envoyé ! 
2018-04-16 22:22:16 xxxxxxxxxxxxxxxxxxxxxxxxxxxxxxxxxxxxxxxxxxxx  
2018-04-16 22:37:06 : sendMail
2018-04-16 22:37:06 : 
2018-04-16 22:37:06 : Gonzalez
2018-04-16 22:37:06 : Gregorio
2018-04-16 22:37:06 : fjavi.gonzalez@gmail.com
2018-04-16 22:37:06 : 0556201431
2018-04-16 22:37:06 : 
2018-04-16 22:37:06 : sdsdfsdfs
2018-04-16 22:37:06 : 
2018-04-16 22:37:06 : Message envoyé ! 
2018-04-16 22:37:06 xxxxxxxxxxxxxxxxxxxxxxxxxxxxxxxxxxxxxxxxxxxx  
2018-04-16 22:40:54 : sendMail
2018-04-16 22:40:54 : 36
2018-04-16 22:40:54 : Gonzalez
2018-04-16 22:40:54 : ICONEO
2018-04-16 22:40:54 : fjavi.gonzalez@gmail.com
2018-04-16 22:40:54 : 0556201431
2018-04-16 22:40:54 : 
2018-04-16 22:40:54 : kjlkjl
2018-04-16 22:40:54 : 
2018-04-16 22:40:54 : Message envoyé ! 
2018-04-16 22:40:54 xxxxxxxxxxxxxxxxxxxxxxxxxxxxxxxxxxxxxxxxxxxx  
2021-03-16 14:21:11 : sendMail
2021-03-16 14:21:11 : 
2021-03-16 14:21:11 : Raymond
2021-03-16 14:21:11 : Lola
2021-03-16 14:21:11 : lola.raymond@live.fr
2021-03-16 14:21:11 : 0649543978
2021-03-16 14:21:11 : 
2021-03-16 14:21:11 : Bonjour, 
J'aimerais effectuer une visite dans votre ferme avec mon conjoint et son fils de 8ans le samedi 3 avril. Est-ce possible? 
Cordialement,
2021-03-16 14:21:11 : 
2021-03-16 14:21:11 : Message envoyé ! 
2021-03-16 14:21:11 xxxxxxxxxxxxxxxxxxxxxxxxxxxxxxxxxxxxxxxxxxxx  
2021-03-25 17:12:20 : sendMail
2021-03-25 17:12:20 : 
2021-03-25 17:12:20 : Beaugeard
2021-03-25 17:12:20 : Nicolas
2021-03-25 17:12:20 : nicolas.beaugeard@free.fr
2021-03-25 17:12:20 : 0622264321
2021-03-25 17:12:20 : 
2021-03-25 17:12:20 : Madame, Monsieur,

Ma passion, pour les animaux, m'a conduit à réorienter mon projet professionnel vers un métier en lien avec le monde animal.

Actuellement en formation de soigneur animalier à l'IFSA, je souhaite intégrer votre structure afin de compléter mon expérience. Je l'ai acquise au sein de CorbiParc récemment, de l'Aquarium de Vendée pendant l'été dernier, et quotidiennement auprès de mes animaux à domicile.

De part ma première expérience professionnelle, je souhaite faire partager mon savoir auprès du public. J'aime également le travail d'équipe, et je saurai m'adapter aux tâches qui me seront confiées.

Je me tiens à votre disposition pour tout renseignement complémentaire ou pour vous rencontrer.

Veuillez agréer, Madame, Monsieur, l'expression de mes salutations distinguées.

Nicolas Beaugeard
2021-03-25 17:12:20 : 
2021-03-25 17:12:20 : Message envoyé ! 
2021-03-25 17:12:20 xxxxxxxxxxxxxxxxxxxxxxxxxxxxxxxxxxxxxxxxxxxx  
2021-03-27 11:30:21 : sendMail
2021-03-27 11:30:21 : 
2021-03-27 11:30:21 : Pernelle
2021-03-27 11:30:21 : Martine
2021-03-27 11:30:21 : martine-p2011@hotmail.fr
2021-03-27 11:30:21 : 0628054932
2021-03-27 11:30:21 : 
2021-03-27 11:30:21 : Bonjour ,
Est-ce que vous organisez des visites en ce moment ? 
Ce serait pour 2 adultes et deux enfants .Merci si vous pouvez me renseigner sur les disponibilités .
Cordialement .
2021-03-27 11:30:21 : 
2021-03-27 11:30:21 : Message envoyé ! 
2021-03-27 11:30:21 xxxxxxxxxxxxxxxxxxxxxxxxxxxxxxxxxxxxxxxxxxxx  
2021-03-31 23:13:19 : sendMail
2021-03-31 23:13:19 : 41
2021-03-31 23:13:19 : Saze
2021-03-31 23:13:19 : Murielle
2021-03-31 23:13:19 : murielle.saze@wanadoo.fr
2021-03-31 23:13:19 : 0663031644
2021-03-31 23:13:19 : 
2021-03-31 23:13:19 : Bonjour je souhaite acheter 2 lamas pour mettre sur mon terrain, ils faut qu’ils soient habitués aux animaux et aux enfants. Idéalement j’aimerais les balader avec un licol.... je vais me lancer dans une petite ferme pédagogique dans un deuxième temps. Merci et bonne soirée 
2021-03-31 23:13:19 : 
2021-03-31 23:13:19 : Message envoyé ! 
2021-03-31 23:13:19 xxxxxxxxxxxxxxxxxxxxxxxxxxxxxxxxxxxxxxxxxxxx  
2021-04-09 22:46:03 : sendMail
2021-04-09 22:46:03 : 
2021-04-09 22:46:03 : Joe Miller
2021-04-09 22:46:03 : Joe
2021-04-09 22:46:03 : info@domainregistration.com
2021-04-09 22:46:03 : +1542384593234
2021-04-09 22:46:03 : 
2021-04-09 22:46:03 : Notice#: 491343
Date: 09 Apr 2021

YOUR IMMEDIATE ATTENTION TO THIS MESSAGE IS ABSOLUTELY NECESSARY!

YOUR DOMAIN fermelama.com WILL BE TERMINATED WITHIN 24 HOURS

We have not received your payment for the renewal of your domain fermelama.com

We have made several attempts to reach you by phone, to inform you regarding the TERMINATION of your domain fermelama.com

CLICK HERE FOR SECURE ONLINE PAYMENT: https://hostdomains.ga

IF WE DO NOT RECEIVE YOUR PAYMENT WITHIN 24 HOURS, YOUR DOMAIN fermelama.com WILL BE TERMINATED

CLICK HERE FOR SECURE ONLINE PAYMENT: https://hostdomains.ga

ACT IMMEDIATELY.

The submission notification fermelama.com will EXPIRE WITHIN 24 HOURS after reception of this email.
2021-04-09 22:46:03 : 
2021-04-09 22:46:03 : Message envoyé ! 
2021-04-09 22:46:03 xxxxxxxxxxxxxxxxxxxxxxxxxxxxxxxxxxxxxxxxxxxx  
2021-04-09 22:46:03 : sendMail
2021-04-09 22:46:03 : 
2021-04-09 22:46:03 : Joe Miller
2021-04-09 22:46:03 : Joe
2021-04-09 22:46:03 : info@domainregistration.com
2021-04-09 22:46:03 : +1542384593234
2021-04-09 22:46:03 : 
2021-04-09 22:46:03 : Notice#: 491343
Date: 09 Apr 2021

YOUR IMMEDIATE ATTENTION TO THIS MESSAGE IS ABSOLUTELY NECESSARY!

YOUR DOMAIN fermelama.com WILL BE TERMINATED WITHIN 24 HOURS

We have not received your payment for the renewal of your domain fermelama.com

We have made several attempts to reach you by phone, to inform you regarding the TERMINATION of your domain fermelama.com

CLICK HERE FOR SECURE ONLINE PAYMENT: https://hostdomains.ga

IF WE DO NOT RECEIVE YOUR PAYMENT WITHIN 24 HOURS, YOUR DOMAIN fermelama.com WILL BE TERMINATED

CLICK HERE FOR SECURE ONLINE PAYMENT: https://hostdomains.ga

ACT IMMEDIATELY.

The submission notification fermelama.com will EXPIRE WITHIN 24 HOURS after reception of this email.
2021-04-09 22:46:03 : 
2021-04-09 22:46:03 : Message envoyé ! 
2021-04-09 22:46:03 xxxxxxxxxxxxxxxxxxxxxxxxxxxxxxxxxxxxxxxxxxxx  
2021-04-14 11:23:00 : sendMail
2021-04-14 11:23:00 : 
2021-04-14 11:23:00 : Bernicot
2021-04-14 11:23:00 : Martine
2021-04-14 11:23:00 : mardelvec33@hotmail.fr
2021-04-14 11:23:00 : 0672302770
2021-04-14 11:23:00 : 
2021-04-14 11:23:00 : Bonjour, 
Je souhaiterais savoir si nous pouvons visiter votre ferme svp ?
Cordialement 
Martine Bernicot 
2021-04-14 11:23:00 : 
2021-04-14 11:23:00 : Message envoyé ! 
2021-04-14 11:23:00 xxxxxxxxxxxxxxxxxxxxxxxxxxxxxxxxxxxxxxxxxxxx  
2021-04-18 18:48:37 : sendMail
2021-04-18 18:48:37 : 
2021-04-18 18:48:37 : CANCELLIER
2021-04-18 18:48:37 : Myriam
2021-04-18 18:48:37 : mycan46@hotmail.fr
2021-04-18 18:48:37 : 0661403471
2021-04-18 18:48:37 : 
2021-04-18 18:48:37 : Bonjour,
Etes-vous ouverts actuellement svp ?
Merci d'avance de votre réponse.
Cordialement
2021-04-18 18:48:37 : 
2021-04-18 18:48:37 : Message envoyé ! 
2021-04-18 18:48:37 xxxxxxxxxxxxxxxxxxxxxxxxxxxxxxxxxxxxxxxxxxxx  
2021-04-21 16:00:05 : sendMail
2021-04-21 16:00:05 : 
2021-04-21 16:00:05 : troy
2021-04-21 16:00:05 : Maryse
2021-04-21 16:00:05 : maryse.troy@laposte.net
2021-04-21 16:00:05 : 0672558331
2021-04-21 16:00:05 : 
2021-04-21 16:00:05 : Tres  contente de vous avoir vu à la tv ce midi, magnifique reportage et florence toujours en forme.
de gros bisous , nous viendrons à l automne en camping car vous voir
2021-04-21 16:00:05 : 
2021-04-21 16:00:05 : Message envoyé ! 
2021-04-21 16:00:05 xxxxxxxxxxxxxxxxxxxxxxxxxxxxxxxxxxxxxxxxxxxx  
2021-04-21 21:06:00 : sendMail
2021-04-21 21:06:00 : 
2021-04-21 21:06:00 : Sreckovic
2021-04-21 21:06:00 : Elodie
2021-04-21 21:06:00 : elodiesoulf@hotmail.com
2021-04-21 21:06:00 : 0641520736
2021-04-21 21:06:00 : 
2021-04-21 21:06:00 : Bonjour, je voudrais venir le premier mercredi après confinement avec mes 2 enfants est ce possible et quels sont vos horaires d ouverture svp?
2021-04-21 21:06:00 : 
2021-04-21 21:06:00 : Message envoyé ! 
2021-04-21 21:06:00 xxxxxxxxxxxxxxxxxxxxxxxxxxxxxxxxxxxxxxxxxxxx  
2021-04-22 09:06:45 : sendMail
2021-04-22 09:06:45 : 41
2021-04-22 09:06:45 : Duplan
2021-04-22 09:06:45 : Muriel
2021-04-22 09:06:45 : muriel.duplan@free.fr
2021-04-22 09:06:45 : 0667848620
2021-04-22 09:06:45 : 
2021-04-22 09:06:45 : bonjour, 
J'envisage de prendre des lamas dans mon terrain (2h). J'ai déjà visité un élevage dans les pyrénées pour comprendre leurs besoins et avoir les reperes pour préparer leur accueil. Je n'ai actuellement pas de lamas uniquement deux chevres, je sais qu'ils sont grégaires et ont besoin de leur congénere donc nous envisagerons d'en prendre deux - plutot des males castrés, nous recherchons des lamas qui ont eu suffissament de bonne expérience humaine (age au environ d'un an) sans avoir été imprégné (d'ou une recherche sur des élevages professionnels) . Je souhaiterais savoir si celui ci est toujours disponible et les conditions de vente.  Je suis prete (lorsque la situation sanitaire le permettra de venir préalablement faire connaissance avec votre elevage pour être sure des responsabilités qui seront ensuite les notres envers nos animaux, y compris journée de stage) .
merci de me répondre préalablement par mail et de ne pas m'appeler directement sur mon téléphone portable en raison d'un emploi du temps professionnel variable)
cordialement 

2021-04-22 09:06:45 : 
2021-04-22 09:06:45 : Message envoyé ! 
2021-04-22 09:06:45 xxxxxxxxxxxxxxxxxxxxxxxxxxxxxxxxxxxxxxxxxxxx  
2021-04-24 20:51:20 : /admin/fileman2/php/upload.php
2021-04-24 20:51:20 : /var/www/elevagelama.comthumbs/IMG_1155_par_mail.jpg
2021-05-02 15:43:38 : sendMail
2021-05-02 15:43:38 : 43
2021-05-02 15:43:38 : merveillaut
2021-05-02 15:43:38 : nathalie
2021-05-02 15:43:38 : nathalie@merveillaut.fr
2021-05-02 15:43:38 : 0664809016
2021-05-02 15:43:38 : 
2021-05-02 15:43:38 : Bonjour, nous sommes viticulteurs à Lalande de fronsac. Actuellement nous refigurons notre espace de vie familial et souhaitons faire entrer dans notre vie un lama. Il semble que votre petite dernière pourrait être la bien venue chez nous !!! Pouvez vous nous donner quelques informations par mail. Les conditions d'élevage, de soins et le prix de vente. Merci d'avance, cordialement, N.Merveillaut
2021-05-02 15:43:38 : 
2021-05-02 15:43:38 : Message envoyé ! 
2021-05-02 15:43:38 xxxxxxxxxxxxxxxxxxxxxxxxxxxxxxxxxxxxxxxxxxxx  
2021-05-03 06:01:55 : /admin/fileman2/php/upload.php
2021-05-03 06:01:55 : /var/www/elevagelama.comthumbs/IMG_1175_mail.jpg
2021-05-09 19:21:41 : sendMail
2021-05-09 19:21:41 : 
2021-05-09 19:21:41 : Den
2021-05-09 19:21:41 : ATTENTION
2021-05-09 19:21:41 : info@orderdomains.com
2021-05-09 19:21:41 : +16898593423
2021-05-09 19:21:41 : 
2021-05-09 19:21:41 : DOMAIN www.elevagelama.com IMMEDIATE TERMINATION
Invoice#: 576833
Date: 2021-05-10

INSTANT ATTENTION REQUIRED IN REGARDS TO YOUR DOMAIN www.elevagelama.com

YOUR DOMAIN www.elevagelama.com WILL BE TERMINATED WITHIN 12 HOURS

We have not received your payment for the renewal of your domain www.elevagelama.com

We have tried to reach you by phone several times, to inform you in regards of the TERMINATION of your domain www.elevagelama.com

CLICK HERE FOR SECURE ONLINE PAYMENT: https://domainorderednow.ga/?n=www.elevagelama.com&r=a&t=1620580899&p=v9

IF WE DO NOT RECEIVE YOUR PAYMENT WITHIN 12 HOURS, YOUR DOMAIN www.elevagelama.com WILL BE TERMINATED!

CLICK HERE FOR SECURE ONLINE PAYMENT: https://domainorderednow.ga/?n=www.elevagelama.com&r=a&t=1620580899&p=v9

YOUR IMMEDIATE ATTENTION IS ABSOLUTELY NECESSARY IN ORDER TO KEEP YOUR DOMAIN www.elevagelama.com

This important notification for www.elevagelama.com will EXPIRE WITHIN 12 HOURS after you have received this email!
2021-05-09 19:21:41 : 
2021-05-09 19:21:42 : Message envoyé ! 
2021-05-09 19:21:42 xxxxxxxxxxxxxxxxxxxxxxxxxxxxxxxxxxxxxxxxxxxx  
2021-05-26 16:07:16 : sendMail
2021-05-26 16:07:16 : 
2021-05-26 16:07:16 : ARVY
2021-05-26 16:07:16 : Nathalie
2021-05-26 16:07:16 : mysticabal@outlook.fr
2021-05-26 16:07:16 : 06.23.07.23.98
2021-05-26 16:07:16 : 
2021-05-26 16:07:16 : Bonjour,
Nous sommes 2 adultes et 3 enfants et aimerions visiter votre ferme. Y aurait-il des visites prévues ce week-end SVP (29-30.05) ?
Par avance, merci.
Mme Arvy
06 23 07 23 98
2021-05-26 16:07:16 : 
2021-05-26 16:07:17 : Message envoyé ! 
2021-05-26 16:07:17 xxxxxxxxxxxxxxxxxxxxxxxxxxxxxxxxxxxxxxxxxxxx  
2021-06-06 10:26:19 : sendMail
2021-06-06 10:26:19 : 
2021-06-06 10:26:19 : bonnamy
2021-06-06 10:26:19 : denis
2021-06-06 10:26:19 : denis.bonnamy@neuf.fr
2021-06-06 10:26:19 : 0557252454
2021-06-06 10:26:19 : 
2021-06-06 10:26:19 : Bonjour
Je viens de découvrir votre ferme en "surfant" sur le net
J'ai noté que les visites se faisaient sur rendez vous  pouvez vous me dire si vous avez des horaires ( matinée ou près midi ) et des jours bien spécifiques pour les visites  .  Pouvez vous me préciser si les visites sont à prévoir longtemps avant Je suis assistante maternelle je me renseigne pour une venue avec une petite de 4 ans et accompagné de mon mari ( donc 2 adultes et 1 enfant )
Je vous remercie et vous souhaite une belle journée
M.Bonnamy
2021-06-06 10:26:19 : 
2021-06-06 10:26:19 : Message envoyé ! 
2021-06-06 10:26:19 xxxxxxxxxxxxxxxxxxxxxxxxxxxxxxxxxxxxxxxxxxxx  
2021-06-08 09:19:59 : sendMail
2021-06-08 09:19:59 : 
2021-06-08 09:19:59 : Touron
2021-06-08 09:19:59 : Marina
2021-06-08 09:19:59 : apsmatlebequet@mairie-villenavedornon.fr
2021-06-08 09:19:59 : 0661664528
2021-06-08 09:19:59 : 
2021-06-08 09:19:59 : Bonjour, 
Est ce qu’il vous serait possible de me faire un devis pour une visite sur une journée au mois d’août pour un ALSH de 48 enfants de 3-6 ans avec 9 accompagnateurs s’il vous plaît? 

Cordialement 
Touron Marina 
Directrice ALSH La Cascade à Villenave d’Ornon
2021-06-08 09:19:59 : 
2021-06-08 09:19:59 : Message envoyé ! 
2021-06-08 09:19:59 xxxxxxxxxxxxxxxxxxxxxxxxxxxxxxxxxxxxxxxxxxxx  
2021-06-27 20:53:41 : sendMail
2021-06-27 20:53:41 : 
2021-06-27 20:53:41 : DAVID
2021-06-27 20:53:41 : BEATRICE
2021-06-27 20:53:41 : danielbea33@gmail.com
2021-06-27 20:53:41 : 0783130650
2021-06-27 20:53:41 : 
2021-06-27 20:53:41 : Bonsoir,
J'aimerais savoir quand une visite grand public est prévue en juin svp ?
2021-06-27 20:53:41 : 
2021-06-27 20:53:42 : Message envoyé ! 
2021-06-27 20:53:42 xxxxxxxxxxxxxxxxxxxxxxxxxxxxxxxxxxxxxxxxxxxx  
2021-06-28 21:09:50 : sendMail
2021-06-28 21:09:50 : 
2021-06-28 21:09:50 : Tanja & Sascha
2021-06-28 21:09:50 : Haslach
2021-06-28 21:09:50 : tanja-sascha@bluewin.ch
2021-06-28 21:09:50 : 0798281272
2021-06-28 21:09:50 : 
2021-06-28 21:09:50 : Bonjour
Nous recherchon des Lamas Classic Masculin.
Simplement.Deux lingées différentes du sang.
Nous esperons que on  trouve çe la chez vous?
Sii jamais vous avez des Lamas à vendre, on serais heureux de avoir
un Video oux quelle que Fotos.
Sii jamais vous avez quel quin d'autre qui à des Lamas.
Vous pouver donne mon Contact.

En vous merci enfiniment pour votre engagement.

Salutationes et bonne Journeé

Tanja et Sascha Haslach
0798281272

2021-06-28 21:09:50 : 
2021-06-28 21:09:50 : Message envoyé ! 
2021-06-28 21:09:50 xxxxxxxxxxxxxxxxxxxxxxxxxxxxxxxxxxxxxxxxxxxx  
2021-06-28 21:10:47 : sendMail
2021-06-28 21:10:47 : 
2021-06-28 21:10:47 : Tanja & Sascha
2021-06-28 21:10:47 : Haslach
2021-06-28 21:10:47 : tanja-sascha@bluewin.ch
2021-06-28 21:10:47 : 0798281272
2021-06-28 21:10:47 : 
2021-06-28 21:10:47 : Bonjour
Nous recherchon des Lamas Classic Masculin.
Simplement.Deux lingées différentes du sang.
Nous esperons que on  trouve çe la chez vous?
Sii jamais vous avez des Lamas à vendre, on serais heureux de avoir
un Video oux quelle que Fotos.
Sii jamais vous avez quel quin d'autre qui à des Lamas.
Vous pouver donne mon Contact.

En vous merci enfiniment pour votre engagement.

Salutationes et bonne Journeé

Tanja et Sascha Haslach
0798281272

2021-06-28 21:10:47 : 
2021-06-28 21:10:47 : Message envoyé ! 
2021-06-28 21:10:47 xxxxxxxxxxxxxxxxxxxxxxxxxxxxxxxxxxxxxxxxxxxx  
2021-07-09 09:57:27 : sendMail
2021-07-09 09:57:27 : 
2021-07-09 09:57:27 : Magès
2021-07-09 09:57:27 : Zoé
2021-07-09 09:57:27 : zoe.mages@gmail.com
2021-07-09 09:57:27 : 0781936633
2021-07-09 09:57:27 : 
2021-07-09 09:57:27 : Bonjour, je suis animatrice au centre de loisir de l’école Aristide Briand a pessac, nous serions intéressés pour organiser une sortie dans votre élevage. Quels seraient vos tarifs et vos dates pour une sortie en journée entre 9-10h et 16-17h avec 20-25 enfants et trois animateurs ? 
Cordialement,
Zoé Magès
2021-07-09 09:57:27 : 
2021-07-09 09:57:27 : Message envoyé ! 
2021-07-09 09:57:27 xxxxxxxxxxxxxxxxxxxxxxxxxxxxxxxxxxxxxxxxxxxx  
